\BOOKMARK [0][-]{section*.2}{\376\377\000T\000h\000e\000\040\000E\000l\000a\000s\000t\000i\000c\000\040\000P\000e\000r\000i\000m\000e\000t\000e\000r\000\040\000D\000i\000s\000k\000\040\000M\000o\000d\000e\000l\000:\000\040\000C\000o\000n\000s\000t\000r\000u\000c\000t\000i\000o\000n\000,\000\040\000P\000a\000r\000a\000m\000e\000t\000e\000r\000i\000z\000a\000t\000i\000o\000n\000,\000\040\000a\000n\000d\000\040\000C\000a\000l\000i\000b\000r\000a\000t\000i\000o\000n}{}% 2
\BOOKMARK [1][-]{section*.1}{\376\377\000A\000b\000s\000t\000r\000a\000c\000t}{section*.2}% 1
\BOOKMARK [1][-]{section*.3}{\376\377\000M\000o\000t\000i\000v\000a\000t\000i\000o\000n\000\040\000a\000n\000d\000\040\000S\000c\000o\000p\000e}{section*.2}% 3
\BOOKMARK [1][-]{section*.4}{\376\377\000G\000e\000o\000m\000e\000t\000r\000y\000\040\000a\000n\000d\000\040\000D\000e\000g\000r\000e\000e\000s\000\040\000o\000f\000\040\000F\000r\000e\000e\000d\000o\000m}{section*.2}% 4
\BOOKMARK [2][-]{section*.5}{\376\377\000P\000a\000r\000t\000i\000c\000l\000e\000\040\000d\000i\000s\000c\000r\000e\000t\000i\000z\000a\000t\000i\000o\000n}{section*.4}% 5
\BOOKMARK [2][-]{section*.6}{\376\377\000C\000o\000n\000t\000a\000c\000t\000\040\000r\000a\000d\000i\000u\000s\000\040\000a\000n\000d\000\040\000e\000f\000f\000e\000c\000t\000i\000v\000e\000\040\000s\000i\000z\000e}{section*.4}% 6
\BOOKMARK [1][-]{section*.7}{\376\377\000E\000l\000a\000s\000t\000i\000c\000\040\000E\000n\000e\000r\000g\000y\000\040\000F\000u\000n\000c\000t\000i\000o\000n\000a\000l}{section*.2}% 7
\BOOKMARK [2][-]{section*.8}{\376\377\000M\000e\000m\000b\000r\000a\000n\000e\000\040\000e\000n\000e\000r\000g\000y}{section*.7}% 8
\BOOKMARK [2][-]{section*.9}{\376\377\000B\000e\000n\000d\000i\000n\000g\000\040\000e\000n\000e\000r\000g\000y}{section*.7}% 9
\BOOKMARK [2][-]{section*.10}{\376\377\000A\000r\000e\000a\000\040\000p\000e\000n\000a\000l\000t\000y}{section*.7}% 10
\BOOKMARK [2][-]{section*.11}{\376\377\000C\000o\000n\000t\000a\000c\000t\000\040\000e\000n\000e\000r\000g\000y}{section*.7}% 11
\BOOKMARK [1][-]{section*.12}{\376\377\000E\000q\000u\000a\000t\000i\000o\000n\000s\000\040\000o\000f\000\040\000M\000o\000t\000i\000o\000n\000\040\000a\000n\000d\000\040\000T\000i\000m\000e\000\040\000I\000n\000t\000e\000g\000r\000a\000t\000i\000o\000n}{section*.2}% 12
\BOOKMARK [2][-]{section*.13}{\376\377\000E\000x\000p\000l\000i\000c\000i\000t\000\040\000d\000a\000m\000p\000e\000d\000\040\000V\000e\000r\000l\000e\000t}{section*.12}% 13
\BOOKMARK [2][-]{section*.14}{\376\377\000D\000a\000m\000p\000i\000n\000g}{section*.12}% 14
\BOOKMARK [2][-]{section*.15}{\376\377\000C\000a\000u\000t\000i\000o\000n\000:\000\040\000l\000i\000m\000i\000t\000s\000\040\000o\000f\000\040\000n\000o\000d\000e\000-\000o\000n\000l\000y\000\040\000i\000n\000t\000e\000g\000r\000a\000t\000i\000o\000n\000\040\000a\000n\000d\000\040\000t\000h\000e\000\040\000r\000i\000g\000i\000d\000-\000b\000o\000d\000y\000\040\000d\000e\000c\000o\000m\000p\000o\000s\000i\000t\000i\000o\000n}{section*.12}% 15
\BOOKMARK [2][-]{section*.16}{\376\377\000P\000e\000r\000i\000m\000e\000t\000e\000r\000\040\000r\000e\000g\000u\000l\000a\000r\000i\000z\000a\000t\000i\000o\000n\000\040\000k\000r\000e\000g\000:\000\040\000p\000s\000e\000u\000d\000o\000-\000f\000o\000r\000c\000e\000\040\000f\000o\000r\000m\000u\000l\000a\000t\000i\000o\000n\000\040\000a\000n\000d\000\040\000d\000i\000s\000c\000r\000e\000t\000i\000z\000a\000t\000i\000o\000n\000\040\000e\000r\000r\000o\000r}{section*.12}% 16
\BOOKMARK [1][-]{section*.17}{\376\377\000D\000i\000m\000e\000n\000s\000i\000o\000n\000a\000l\000\040\000A\000n\000a\000l\000y\000s\000i\000s\000\040\000a\000n\000d\000\040\000P\000a\000r\000a\000m\000e\000t\000e\000r\000\040\000R\000e\000d\000u\000c\000t\000i\000o\000n}{section*.2}% 17
\BOOKMARK [2][-]{section*.18}{\376\377\000S\000\040\000a\000s\000\040\000a\000\040\000p\000u\000r\000e\000\040\000f\000o\000r\000c\000e\000\040\000s\000c\000a\000l\000e}{section*.17}% 18
\BOOKMARK [2][-]{section*.19}{\376\377\000R\0000\000\040\000a\000s\000\040\000a\000\040\000p\000u\000r\000e\000\040\000l\000e\000n\000g\000t\000h\000\040\000s\000c\000a\000l\000e}{section*.17}% 19
\BOOKMARK [2][-]{section*.20}{\376\377\000T\000w\000o\000\040\000d\000i\000m\000e\000n\000s\000i\000o\000n\000l\000e\000s\000s\000\040\000p\000h\000y\000s\000i\000c\000a\000l\000\040\000p\000a\000r\000a\000m\000e\000t\000e\000r\000s}{section*.17}% 20
\BOOKMARK [1][-]{section*.21}{\376\377\000N\000u\000m\000e\000r\000i\000c\000a\000l\000\040\000C\000a\000l\000i\000b\000r\000a\000t\000i\000o\000n}{section*.2}% 21
\BOOKMARK [2][-]{section*.22}{\376\377\000C\000o\000n\000t\000a\000c\000t\000\040\000s\000t\000i\000f\000f\000n\000e\000s\000s\000\040\000C}{section*.21}% 22
\BOOKMARK [2][-]{section*.23}{\376\377\000D\000a\000m\000p\000i\000n\000g\000\040\000p\000a\000r\000a\000m\000e\000t\000e\000r}{section*.21}% 23
\BOOKMARK [1][-]{section*.24}{\376\377\000P\000h\000a\000s\000e\000-\000S\000p\000a\000c\000e\000\040\000S\000t\000r\000u\000c\000t\000u\000r\000e}{section*.2}% 24
\BOOKMARK [2][-]{section*.25}{\376\377\000C\000a\000l\000i\000b\000r\000a\000t\000i\000o\000n\000\040\000g\000e\000o\000m\000e\000t\000r\000y}{section*.24}% 25
\BOOKMARK [2][-]{section*.26}{\376\377\000S\000h\000a\000p\000e\000\040\000c\000o\000l\000l\000a\000p\000s\000e}{section*.24}% 26
\BOOKMARK [2][-]{section*.27}{\376\377\000O\000n\000e\000-\000t\000o\000-\000o\000n\000e\000\040\000r\000e\000l\000a\000t\000i\000o\000n\000s\000h\000i\000p\000\040\000b\000e\000t\000w\000e\000e\000n\000\040\000A\000\040\000a\000n\000d\000\040\000m\000e\000a\000s}{section*.24}% 27
\BOOKMARK [1][-]{section*.28}{\376\377\000S\000q\000u\000i\000s\000h\000i\000n\000e\000s\000s\000\040\000A\000x\000i\000s\000:\000\040\000C\000a\000l\000i\000b\000r\000a\000t\000i\000o\000n\000\040\000a\000t\000\040\000b\000\040\000=\000\040\0000\000.\0002}{section*.2}% 28
\BOOKMARK [2][-]{section*.29}{\376\377\000W\000o\000r\000k\000i\000n\000g\000\040\000p\000o\000i\000n\000t\000\040\000a\000n\000d\000\040\000c\000a\000l\000i\000b\000r\000a\000t\000i\000o\000n\000\040\000t\000a\000b\000l\000e}{section*.28}% 29
\BOOKMARK [2][-]{section*.30}{\376\377\000S\000e\000n\000s\000i\000t\000i\000v\000i\000t\000y\000\040\000t\000o\000\040\000r\000e\000f\000\040\000a\000n\000d\000\040\000N}{section*.28}% 30
\BOOKMARK [2][-]{section*.31}{\376\377\000C\000a\000l\000i\000b\000r\000a\000t\000i\000o\000n\000\040\000i\000n\000v\000e\000r\000s\000i\000o\000n\000:\000\040\000t\000a\000r\000g\000e\000t\000\040\000q}{section*.28}% 31
\BOOKMARK [2][-]{section*.32}{\376\377\000R\0000\000\040\000i\000n\000v\000a\000r\000i\000a\000n\000c\000e\000\040\000s\000p\000o\000t\000-\000c\000h\000e\000c\000k}{section*.28}% 32
\BOOKMARK [1][-]{section*.33}{\376\377\000C\000o\000n\000t\000a\000c\000t\000\040\000F\000o\000r\000c\000e\000\040\000L\000a\000w\000\040\000F\000\050\000\051\000\040\000a\000n\000d\000\040\000R\000e\000s\000o\000l\000u\000t\000i\000o\000n\000\040\000C\000o\000n\000v\000e\000r\000g\000e\000n\000c\000e}{section*.2}% 33
\BOOKMARK [2][-]{section*.34}{\376\377\000M\000e\000a\000s\000u\000r\000e\000m\000e\000n\000t\000\040\000p\000r\000o\000t\000o\000c\000o\000l}{section*.33}% 34
\BOOKMARK [2][-]{section*.35}{\376\377\000P\000o\000w\000e\000r\000-\000l\000a\000w\000\040\000f\000i\000t}{section*.33}% 35
\BOOKMARK [2][-]{section*.36}{\376\377\000N\000-\000c\000o\000n\000v\000e\000r\000g\000e\000n\000c\000e\000\040\000a\000n\000d\000\040\000t\000h\000e\000\040\0001\000/\000N\000\040\000c\000o\000r\000r\000e\000c\000t\000i\000o\000n}{section*.33}% 36
\BOOKMARK [2][-]{section*.37}{\376\377\000P\000h\000y\000s\000i\000c\000a\000l\000\040\000i\000n\000t\000e\000r\000p\000r\000e\000t\000a\000t\000i\000o\000n\000\040\000o\000f\000\040\000t\000h\000e\000\040\0001\000/\000N\000\040\000c\000o\000r\000r\000e\000c\000t\000i\000o\000n}{section*.33}% 37
\BOOKMARK [2][-]{section*.38}{\376\377\000C\000o\000m\000p\000a\000r\000i\000s\000o\000n\000\040\000t\000o\000\040\000H\000e\000r\000t\000z\000i\000a\000n\000\040\000c\000o\000n\000t\000a\000c\000t\000\040\000a\000n\000d\000\040\000l\000i\000n\000e\000a\000r\000\040\000D\000E\000M}{section*.33}% 38
\BOOKMARK [1][-]{section*.39}{\376\377\000S\000u\000m\000m\000a\000r\000y\000:\000\040\000C\000a\000l\000i\000b\000r\000a\000t\000i\000o\000n\000\040\000R\000e\000c\000i\000p\000e}{section*.2}% 39
\BOOKMARK [1][-]{section*.40}{\376\377\000E\000m\000u\000l\000s\000i\000o\000n\000\040\000D\000r\000o\000p\000l\000e\000t\000\040\000M\000o\000d\000e\000l}{section*.2}% 40
\BOOKMARK [2][-]{section*.41}{\376\377\000M\000o\000d\000e\000l\000\040\000d\000e\000r\000i\000v\000a\000t\000i\000o\000n}{section*.40}% 41
\BOOKMARK [2][-]{section*.42}{\376\377\000D\000i\000m\000e\000n\000s\000i\000o\000n\000l\000e\000s\000s\000\040\000p\000a\000r\000a\000m\000e\000t\000e\000r\000s\000\040\000a\000n\000d\000\040\000w\000o\000r\000k\000i\000n\000g\000\040\000p\000o\000i\000n\000t}{section*.40}% 42
\BOOKMARK [2][-]{section*.43}{\376\377\000B\000e\000n\000c\000h\000m\000a\000r\000k\000\040\000C\000:\000\040\000c\000a\000p\000i\000l\000l\000a\000r\000y\000-\000w\000a\000v\000e\000\040\000d\000a\000m\000p\000i\000n\000g\000\040\000c\000a\000l\000i\000b\000r\000a\000t\000i\000o\000n}{section*.40}% 43
\BOOKMARK [2][-]{section*.44}{\376\377\000B\000e\000n\000c\000h\000m\000a\000r\000k\000\040\000D\000:\000\040\000T\0001\000-\000e\000v\000e\000n\000t\000\040\000t\000o\000p\000o\000l\000o\000g\000i\000c\000a\000l\000\040\000r\000e\000a\000r\000r\000a\000n\000g\000e\000m\000e\000n\000t}{section*.40}% 44
\BOOKMARK [2][-]{section*.45}{\376\377\000B\000e\000n\000c\000h\000m\000a\000r\000k\000\040\000E\000:\000\040\000f\000a\000l\000l\000i\000n\000g\000\040\000d\000r\000o\000p\000l\000e\000t\000\040\000u\000n\000d\000e\000r\000\040\000g\000r\000a\000v\000i\000t\000y}{section*.40}% 45
\BOOKMARK [1][-]{section*.46}{\376\377\000V\000i\000s\000c\000o\000u\000s\000\040\000D\000r\000a\000g\000\040\000a\000n\000d\000\040\000B\000a\000c\000k\000g\000r\000o\000u\000n\000d\000\040\000F\000l\000o\000w\000\040\000C\000o\000u\000p\000l\000i\000n\000g}{section*.2}% 46
\BOOKMARK [2][-]{section*.47}{\376\377\000R\000e\000s\000i\000s\000t\000i\000v\000e\000\040\000F\000o\000r\000c\000e\000\040\000T\000h\000e\000o\000r\000y\000\040\000a\000t\000\040\000t\000h\000e\000\040\000n\000o\000d\000e\000\040\000l\000e\000v\000e\000l}{section*.46}% 47
\BOOKMARK [2][-]{section*.48}{\376\377\000O\000h\000n\000e\000s\000o\000r\000g\000e\000\040\000n\000u\000m\000b\000e\000r\000\040\000a\000n\000d\000\040\000d\000i\000m\000e\000n\000s\000i\000o\000n\000l\000e\000s\000s\000\040\000d\000r\000a\000g}{section*.46}% 48
\BOOKMARK [2][-]{section*.49}{\376\377\000S\000c\000a\000l\000i\000n\000g\000\040\000l\000a\000w\000s}{section*.46}% 49
\BOOKMARK [2][-]{section*.50}{\376\377\000V\000a\000l\000i\000d\000a\000t\000i\000o\000n\000\040\000b\000e\000n\000c\000h\000m\000a\000r\000k\000s}{section*.46}% 50
\BOOKMARK [2][-]{section*.51}{\376\377\000S\000u\000p\000p\000l\000e\000m\000e\000n\000t\000a\000l\000\040\000m\000o\000v\000i\000e\000s}{section*.46}% 51
\BOOKMARK [1][-]{section*.52}{\376\377\000C\000h\000o\000o\000s\000i\000n\000g\000\040\000t\000h\000e\000\040\000T\000i\000m\000e\000\040\000S\000t\000e\000p\000\040\000a\000n\000d\000\040\000C\000a\000n\000d\000i\000d\000a\000c\000y\000\040\000M\000a\000t\000r\000i\000x\000\040\000S\000i\000z\000e}{section*.2}% 52
\BOOKMARK [2][-]{section*.53}{\376\377\000H\000o\000p\000p\000e\000r\000\040\000t\000e\000s\000t\000\040\000b\000e\000d}{section*.52}% 53
\BOOKMARK [2][-]{section*.54}{\376\377\000C\000l\000o\000s\000i\000n\000g\000-\000r\000a\000t\000e\000\040\000s\000t\000a\000b\000i\000l\000i\000t\000y\000\040\000w\000a\000t\000c\000h\000d\000o\000g}{section*.52}% 54
\BOOKMARK [2][-]{section*.55}{\376\377\000M\000a\000t\000c\000h\000e\000d\000-\000t\000i\000m\000e\000\040\000d\000r\000i\000f\000t\000\040\000c\000o\000m\000p\000a\000r\000i\000s\000o\000n}{section*.52}% 55
\BOOKMARK [2][-]{section*.56}{\376\377\000S\000w\000e\000e\000p\000\040\000r\000e\000s\000u\000l\000t\000s\000\040\000a\000c\000r\000o\000s\000s\000\040\000t\000h\000r\000e\000e\000\040\000w\000o\000r\000k\000i\000n\000g\000\040\000p\000o\000i\000n\000t\000s}{section*.52}% 56
\BOOKMARK [2][-]{section*.57}{\376\377\000C\000h\000o\000o\000s\000i\000n\000g\000\040\000t\000h\000e\000\040\000c\000a\000n\000d\000i\000d\000a\000c\000y\000\040\000w\000i\000d\000t\000h\000\040\000E}{section*.52}% 57
\BOOKMARK [1][-]{section*.58}{\376\377\000A\000c\000k\000n\000o\000w\000l\000e\000d\000g\000m\000e\000n\000t\000s}{section*.2}% 58
\BOOKMARK [1][-]{section*.59}{\376\377\000R\000e\000f\000e\000r\000e\000n\000c\000e\000s}{section*.2}% 59
